
> dev
> vite


  VITE v6.2.0  ready in 574 ms

  ➜  Local:   http://localhost:5173/
  ➜  Network: http://172.22.0.3:5173/

  LARAVEL v12.3.0  plugin v1.2.0

  ➜  APP_URL: http://localhost
6:29:22 PM [vite] .env changed, restarting server...
6:29:22 PM [vite] .env changed, restarting server...
6:29:22 PM [vite] server restarted.

  LARAVEL v12.3.0  plugin v1.2.0

  ➜  APP_URL: http://localhost
7:33:03 PM [vite] (client) page reload .devcontainer/devcontainer.json

> dev
> vite


  VITE v6.2.0  ready in 844 ms

  ➜  Local:   http://localhost:5173/
  ➜  Network: http://172.22.0.3:5173/

  LARAVEL v12.3.0  plugin v1.2.0

  ➜  APP_URL: http://localhost
8:01:07 PM [vite] full reload routes/web.php
8:01:08 PM [vite] full reload routes/web.php
8:01:12 PM [vite] full reload routes/web.php
8:02:22 PM [vite] (client) page reload resources/js/components/ui/alert.tsx
8:02:22 PM [vite] (client) page reload resources/js/components/ui/avatar.tsx
8:02:22 PM [vite] (client) page reload resources/js/components/ui/badge.tsx
8:02:22 PM [vite] (client) page reload resources/js/components/ui/button.tsx
8:02:22 PM [vite] (client) page reload resources/js/components/ui/dialog.tsx
8:02:22 PM [vite] (client) page reload resources/js/components/ui/breadcrumb.tsx
8:02:22 PM [vite] (client) page reload resources/js/components/ui/checkbox.tsx
8:02:22 PM [vite] (client) page reload resources/js/components/ui/collapsible.tsx
8:02:22 PM [vite] (client) page reload resources/js/components/ui/placeholder-pattern.tsx
8:02:22 PM [vite] (client) page reload resources/js/components/ui/input.tsx
8:02:22 PM [vite] (client) page reload resources/js/components/ui/dropdown-menu.tsx
8:02:22 PM [vite] (client) page reload resources/js/components/ui/card.tsx
8:02:22 PM [vite] (client) page reload resources/js/components/ui/icon.tsx
8:02:22 PM [vite] (client) page reload resources/js/components/ui/select.tsx
8:02:22 PM [vite] (client) page reload resources/js/components/ui/separator.tsx
8:02:22 PM [vite] (client) page reload resources/js/components/ui/skeleton.tsx
8:02:22 PM [vite] (client) page reload resources/js/components/ui/navigation-menu.tsx
8:02:22 PM [vite] (client) page reload resources/js/components/ui/label.tsx
8:02:22 PM [vite] (client) page reload resources/js/components/ui/toggle-group.tsx
8:02:22 PM [vite] (client) page reload resources/js/components/ui/sidebar.tsx
8:02:22 PM [vite] (client) page reload resources/js/components/ui/tooltip.tsx
8:02:22 PM [vite] (client) page reload resources/js/components/ui/toggle.tsx
8:02:22 PM [vite] (client) page reload resources/js/components/ui/sheet.tsx
8:02:22 PM [vite] (client) page reload resources/js/components/app-content.tsx
8:02:22 PM [vite] (client) page reload resources/js/components/app-header.tsx
8:02:22 PM [vite] (client) page reload resources/js/components/app-logo-icon.tsx
8:02:22 PM [vite] (client) page reload nohup.out
8:02:22 PM [vite] (client) page reload resources/js/components/app-logo.tsx
8:02:23 PM [vite] (client) page reload resources/js/components/app-shell.tsx
8:02:23 PM [vite] (client) page reload resources/js/components/app-sidebar-header.tsx
8:02:23 PM [vite] (client) page reload resources/js/components/app-sidebar.tsx
8:02:23 PM [vite] (client) page reload nohup.out
8:02:23 PM [vite] (client) page reload resources/js/components/appearance-dropdown.tsx
8:02:23 PM [vite] (client) page reload resources/js/components/appearance-tabs.tsx
8:02:23 PM [vite] (client) page reload nohup.out
8:02:23 PM [vite] (client) page reload resources/js/components/breadcrumbs.tsx
8:02:23 PM [vite] (client) page reload resources/js/components/delete-user.tsx
8:02:23 PM [vite] (client) page reload resources/js/components/heading-small.tsx
8:02:23 PM [vite] (client) page reload nohup.out
8:02:23 PM [vite] (client) page reload resources/js/components/heading.tsx
8:02:23 PM [vite] (client) page reload resources/js/components/icon.tsx
8:02:23 PM [vite] (client) page reload resources/js/components/input-error.tsx
8:02:23 PM [vite] (client) page reload nohup.out
8:02:23 PM [vite] (client) page reload resources/js/components/nav-footer.tsx
8:02:23 PM [vite] (client) page reload resources/js/components/nav-main.tsx
8:02:23 PM [vite] (client) page reload resources/js/components/nav-user.tsx
8:02:23 PM [vite] (client) page reload resources/js/components/text-link.tsx
8:02:23 PM [vite] (client) page reload nohup.out
8:02:23 PM [vite] (client) page reload resources/js/components/user-info.tsx
8:02:23 PM [vite] (client) page reload resources/js/components/user-menu-content.tsx
8:02:30 PM [vite] (client) hmr update /resources/js/hooks/use-appearance.tsx, /resources/css/app.css
8:02:30 PM [vite] (client) page reload resources/js/hooks/use-initials.tsx
8:02:30 PM [vite] (client) page reload nohup.out
8:02:30 PM [vite] (client) page reload resources/js/hooks/use-mobile-navigation.ts
8:02:30 PM [vite] (client) page reload resources/js/hooks/use-mobile.tsx
8:02:30 PM [vite] (client) page reload nohup.out
8:02:30 PM [vite] (client) Pre-transform error: Failed to load url /resources/js/hooks/use-appearance.tsx (resolved id: /var/www/html/resources/js/hooks/use-appearance.tsx) in /var/www/html/resources/js/app.tsx. Does the file exist?
8:02:30 PM [vite] (client) page reload nohup.out
8:02:42 PM [vite] (client) page reload resources/js/layouts/settings/layout.tsx
8:02:42 PM [vite] (client) page reload nohup.out
8:02:43 PM [vite] (client) Pre-transform error: Failed to load url /resources/js/hooks/use-appearance.tsx (resolved id: /var/www/html/resources/js/hooks/use-appearance.tsx) in /var/www/html/resources/js/app.tsx. Does the file exist?
8:02:43 PM [vite] (client) page reload nohup.out
8:02:45 PM [vite] (client) page reload resources/js/layouts/app/app-header-layout.tsx
8:02:45 PM [vite] (client) page reload resources/js/layouts/app/app-sidebar-layout.tsx
8:02:45 PM [vite] (client) page reload nohup.out
8:02:45 PM [vite] (client) Pre-transform error: Failed to load url /resources/js/hooks/use-appearance.tsx (resolved id: /var/www/html/resources/js/hooks/use-appearance.tsx) in /var/www/html/resources/js/app.tsx. Does the file exist?
8:02:45 PM [vite] (client) page reload nohup.out
8:02:49 PM [vite] (client) page reload resources/js/layouts/auth/auth-card-layout.tsx
8:02:49 PM [vite] (client) page reload resources/js/layouts/auth/auth-simple-layout.tsx
8:02:49 PM [vite] (client) page reload resources/js/layouts/auth/auth-split-layout.tsx
8:02:49 PM [vite] (client) page reload nohup.out
8:02:49 PM [vite] (client) Pre-transform error: Failed to load url /resources/js/hooks/use-appearance.tsx (resolved id: /var/www/html/resources/js/hooks/use-appearance.tsx) in /var/www/html/resources/js/app.tsx. Does the file exist?
8:02:49 PM [vite] (client) page reload nohup.out
8:02:55 PM [vite] (client) page reload resources/js/pages/auth/forgot-password.tsx
8:02:55 PM [vite] (client) page reload resources/js/pages/auth/confirm-password.tsx
8:02:55 PM [vite] (client) page reload resources/js/pages/auth/login.tsx
8:02:55 PM [vite] (client) page reload resources/js/pages/auth/register.tsx
8:02:55 PM [vite] (client) page reload resources/js/pages/auth/reset-password.tsx
8:02:55 PM [vite] (client) page reload resources/js/pages/auth/verify-email.tsx
8:02:55 PM [vite] (client) page reload resources/js/pages/settings/appearance.tsx
8:02:55 PM [vite] (client) page reload resources/js/pages/settings/profile.tsx
8:02:55 PM [vite] (client) page reload resources/js/pages/settings/password.tsx
8:02:55 PM [vite] (client) page reload resources/js/pages/dashboard.tsx
8:02:55 PM [vite] (client) page reload nohup.out
8:02:56 PM [vite] Internal server error: Failed to resolve import "./hooks/use-appearance" from "resources/js/app.tsx". Does the file exist?
  Plugin: vite:import-analysis
  File: /var/www/html/resources/js/app.tsx:6:32
  4  |  import { resolvePageComponent } from "laravel-vite-plugin/inertia-helpers";
  5  |  import { createRoot } from "react-dom/client";
  6  |  import { initializeTheme } from "./hooks/use-appearance";
     |                                   ^
  7  |  const appName = import.meta.env.VITE_APP_NAME || "Laravel";
  8  |  createInertiaApp({
      at TransformPluginContext._formatLog (file:///var/www/html/node_modules/vite/dist/node/chunks/dep-ByPKlqZ5.js:47835:41)
      at TransformPluginContext.error (file:///var/www/html/node_modules/vite/dist/node/chunks/dep-ByPKlqZ5.js:47832:16)
      at normalizeUrl (file:///var/www/html/node_modules/vite/dist/node/chunks/dep-ByPKlqZ5.js:45968:23)
      at async file:///var/www/html/node_modules/vite/dist/node/chunks/dep-ByPKlqZ5.js:46087:37
      at async Promise.all (index 5)
      at async TransformPluginContext.transform (file:///var/www/html/node_modules/vite/dist/node/chunks/dep-ByPKlqZ5.js:46014:7)
      at async EnvironmentPluginContainer.transform (file:///var/www/html/node_modules/vite/dist/node/chunks/dep-ByPKlqZ5.js:47630:18)
      at async loadAndTransform (file:///var/www/html/node_modules/vite/dist/node/chunks/dep-ByPKlqZ5.js:41318:27)
      at async viteTransformMiddleware (file:///var/www/html/node_modules/vite/dist/node/chunks/dep-ByPKlqZ5.js:42781:24)
8:02:56 PM [vite] (client) page reload nohup.out
8:03:17 PM [vite] (client) page reload resources/js/app.tsx
8:03:17 PM [vite] (client) page reload nohup.out
8:03:30 PM [vite] (client) page reload resources/js/layouts/auth-layout.tsx
8:03:30 PM [vite] (client) page reload nohup.out
8:04:16 PM [vite] (client) hmr update /resources/js/pages/welcome.tsx, /resources/css/app.css
8:04:16 PM [vite] (client) page reload nohup.out
8:04:18 PM [vite] (client) hmr update /resources/js/pages/welcome.tsx, /resources/css/app.css
8:04:18 PM [vite] (client) page reload nohup.out
8:04:33 PM [vite] (client) hmr update /resources/js/pages/welcome.tsx, /resources/css/app.css
8:04:33 PM [vite] (client) page reload nohup.out
8:04:36 PM [vite] (client) hmr update /resources/js/pages/welcome.tsx, /resources/css/app.css
8:04:37 PM [vite] (client) page reload nohup.out
8:05:01 PM [vite] (client) hmr update /resources/js/pages/welcome.tsx, /resources/css/app.css
8:05:01 PM [vite] (client) page reload nohup.out
8:05:34 PM [vite] (client) hmr update /resources/js/pages/welcome.tsx, /resources/css/app.css
8:05:34 PM [vite] (client) page reload nohup.out
8:05:45 PM [vite] (client) hmr update /resources/js/pages/welcome.tsx, /resources/css/app.css
8:05:45 PM [vite] (client) page reload nohup.out
8:06:15 PM [vite] (client) hmr update /resources/js/pages/welcome.tsx, /resources/css/app.css
8:06:15 PM [vite] (client) page reload nohup.out
8:06:45 PM [vite] (client) hmr update /resources/js/pages/welcome.tsx, /resources/css/app.css
8:06:45 PM [vite] (client) page reload nohup.out
8:07:07 PM [vite] (client) hmr update /resources/js/pages/welcome.tsx, /resources/css/app.css
8:07:07 PM [vite] (client) page reload nohup.out
8:07:23 PM [vite] (client) page reload resources/js/layouts/app-layout.tsx
8:07:23 PM [vite] (client) page reload nohup.out
8:08:54 PM [vite] full reload routes/web.php
8:08:54 PM [vite] (client) page reload routes/web.php
8:08:54 PM [vite] (client) page reload nohup.out
8:10:09 PM [vite] (client) page reload resources/js/types/index.d.ts
8:10:09 PM [vite] (client) page reload nohup.out
8:10:19 PM [vite] (client) hmr update /resources/js/pages/welcome.tsx, /resources/css/app.css
8:10:19 PM [vite] (client) page reload nohup.out
8:10:24 PM [vite] (client) hmr update /resources/js/pages/welcome.tsx, /resources/css/app.css
8:10:24 PM [vite] (client) page reload nohup.out
8:13:48 PM [vite] (client) hmr update /resources/js/pages/welcome.tsx, /resources/css/app.css
8:13:48 PM [vite] (client) page reload nohup.out
8:14:25 PM [vite] (client) hmr update /resources/js/pages/welcome.tsx, /resources/css/app.css
8:14:25 PM [vite] (client) page reload nohup.out
